# JRE version: Java(TM) SE Runtime Environment (17.0.1+12) (build 17.0.1+12-LTS-39)
# Java VM: Java HotSpot(TM) 64-Bit Server VM (17.0.1+12-LTS-39, mixed mode, sharing, tiered, compressed oops, compressed class ptrs, g1 gc, windows-amd64)
GC Precious Log:
 CPUs: 8 total, 8 available
 Memory: 7971M
 Large Page Support: Disabled
 NUMA Support: Disabled
 Compressed Oops: Enabled (32-bit)
 Heap Region Size: 1M
 Heap Min Capacity: 8M
 Heap Initial Capacity: 126M
 Heap Max Capacity: 1994M
 Pre-touch: Disabled
 Parallel Workers: 8
 Concurrent Workers: 2
 Concurrent Refinement Workers: 8
 Periodic GC: Disabled
Heap:
 garbage-first heap   total 245760K, used 64956K [0x0000000083600000, 0x0000000100000000)
  region size 1024K, 4 young (4096K), 1 survivors (1024K)
 Metaspace       used 12394K, committed 12672K, reserved 1064960K
  class space    used 1351K, committed 1472K, reserved 1048576K
GC Heap History (20 events):
Event: 49.304 GC heap before
{Heap before GC invocations=17 (full 0):
 garbage-first heap   total 245760K, used 110984K [0x0000000083600000, 0x0000000100000000)
  region size 1024K, 3 young (3072K), 1 survivors (1024K)
 Metaspace       used 12183K, committed 12352K, reserved 1064960K
  class space    used 1332K, committed 1408K, reserved 1048576K
}
Event: 49.306 GC heap after
{Heap after GC invocations=18 (full 0):
 garbage-first heap   total 245760K, used 74130K [0x0000000083600000, 0x0000000100000000)
  region size 1024K, 1 young (1024K), 1 survivors (1024K)
 Metaspace       used 12183K, committed 12352K, reserved 1064960K
  class space    used 1332K, committed 1408K, reserved 1048576K
}
Event: 51.752 GC heap before
{Heap before GC invocations=18 (full 0):
 garbage-first heap   total 245760K, used 110994K [0x0000000083600000, 0x0000000100000000)
  region size 1024K, 3 young (3072K), 1 survivors (1024K)
 Metaspace       used 12183K, committed 12352K, reserved 1064960K
  class space    used 1332K, committed 1408K, reserved 1048576K
}
Event: 51.755 GC heap after
{Heap after GC invocations=19 (full 0):
 garbage-first heap   total 245760K, used 54675K [0x0000000083600000, 0x0000000100000000)
  region size 1024K, 1 young (1024K), 1 survivors (1024K)
 Metaspace       used 12183K, committed 12352K, reserved 1064960K
  class space    used 1332K, committed 1408K, reserved 1048576K
}
Event: 55.545 GC heap before
{Heap before GC invocations=19 (full 0):
 garbage-first heap   total 245760K, used 109971K [0x0000000083600000, 0x0000000100000000)
  region size 1024K, 2 young (2048K), 1 survivors (1024K)
 Metaspace       used 12183K, committed 12352K, reserved 1064960K
  class space    used 1332K, committed 1408K, reserved 1048576K
}
Event: 55.548 GC heap after
{Heap after GC invocations=20 (full 0):
 garbage-first heap   total 245760K, used 74137K [0x0000000083600000, 0x0000000100000000)
  region size 1024K, 1 young (1024K), 1 survivors (1024K)
 Metaspace       used 12183K, committed 12352K, reserved 1064960K
  class space    used 1332K, committed 1408K, reserved 1048576K
}
Event: 57.993 GC heap before
{Heap before GC invocations=20 (full 0):
 garbage-first heap   total 245760K, used 109977K [0x0000000083600000, 0x0000000100000000)
  region size 1024K, 2 young (2048K), 1 survivors (1024K)
 Metaspace       used 12183K, committed 12352K, reserved 1064960K
  class space    used 1332K, committed 1408K, reserved 1048576K
}
Event: 57.995 GC heap after
{Heap after GC invocations=21 (full 0):
 garbage-first heap   total 245760K, used 54679K [0x0000000083600000, 0x0000000100000000)
  region size 1024K, 1 young (1024K), 1 survivors (1024K)
 Metaspace       used 12183K, committed 12352K, reserved 1064960K
  class space    used 1332K, committed 1408K, reserved 1048576K
}
Event: 61.769 GC heap before
{Heap before GC invocations=21 (full 0):
 garbage-first heap   total 245760K, used 110999K [0x0000000083600000, 0x0000000100000000)
  region size 1024K, 3 young (3072K), 1 survivors (1024K)
 Metaspace       used 12183K, committed 12352K, reserved 1064960K
  class space    used 1332K, committed 1408K, reserved 1048576K
}
Event: 61.772 GC heap after
{Heap after GC invocations=22 (full 0):
 garbage-first heap   total 245760K, used 74142K [0x0000000083600000, 0x0000000100000000)
  region size 1024K, 1 young (1024K), 1 survivors (1024K)
 Metaspace       used 12183K, committed 12352K, reserved 1064960K
  class space    used 1332K, committed 1408K, reserved 1048576K
}
Event: 64.232 GC heap before
{Heap before GC invocations=22 (full 0):
 garbage-first heap   total 245760K, used 109982K [0x0000000083600000, 0x0000000100000000)
  region size 1024K, 2 young (2048K), 1 survivors (1024K)
 Metaspace       used 12183K, committed 12352K, reserved 1064960K
  class space    used 1332K, committed 1408K, reserved 1048576K
}
Event: 64.235 GC heap after
{Heap after GC invocations=23 (full 0):
 garbage-first heap   total 245760K, used 54692K [0x0000000083600000, 0x0000000100000000)
  region size 1024K, 1 young (1024K), 1 survivors (1024K)
 Metaspace       used 12183K, committed 12352K, reserved 1064960K
  class space    used 1332K, committed 1408K, reserved 1048576K
}
Event: 68.009 GC heap before
{Heap before GC invocations=23 (full 0):
 garbage-first heap   total 245760K, used 111012K [0x0000000083600000, 0x0000000100000000)
  region size 1024K, 3 young (3072K), 1 survivors (1024K)
 Metaspace       used 12209K, committed 12352K, reserved 1064960K
  class space    used 1333K, committed 1408K, reserved 1048576K
}
Event: 68.012 GC heap after
{Heap after GC invocations=24 (full 0):
 garbage-first heap   total 245760K, used 74157K [0x0000000083600000, 0x0000000100000000)
  region size 1024K, 1 young (1024K), 1 survivors (1024K)
 Metaspace       used 12209K, committed 12352K, reserved 1064960K
  class space    used 1333K, committed 1408K, reserved 1048576K
}
Event: 70.457 GC heap before
{Heap before GC invocations=24 (full 0):
 garbage-first heap   total 245760K, used 109997K [0x0000000083600000, 0x0000000100000000)
  region size 1024K, 2 young (2048K), 1 survivors (1024K)
 Metaspace       used 12209K, committed 12352K, reserved 1064960K
  class space    used 1333K, committed 1408K, reserved 1048576K
}
Event: 70.459 GC heap after
{Heap after GC invocations=25 (full 0):
 garbage-first heap   total 245760K, used 54705K [0x0000000083600000, 0x0000000100000000)
  region size 1024K, 1 young (1024K), 1 survivors (1024K)
 Metaspace       used 12209K, committed 12352K, reserved 1064960K
  class space    used 1333K, committed 1408K, reserved 1048576K
}
Event: 74.248 GC heap before
{Heap before GC invocations=25 (full 0):
 garbage-first heap   total 245760K, used 110001K [0x0000000083600000, 0x0000000100000000)
  region size 1024K, 2 young (2048K), 1 survivors (1024K)
 Metaspace       used 12209K, committed 12352K, reserved 1064960K
  class space    used 1333K, committed 1408K, reserved 1048576K
}
Event: 74.250 GC heap after
{Heap after GC invocations=26 (full 0):
 garbage-first heap   total 245760K, used 74169K [0x0000000083600000, 0x0000000100000000)
  region size 1024K, 1 young (1024K), 1 survivors (1024K)
 Metaspace       used 12209K, committed 12352K, reserved 1064960K
  class space    used 1333K, committed 1408K, reserved 1048576K
}
Event: 76.697 GC heap before
{Heap before GC invocations=26 (full 0):
 garbage-first heap   total 245760K, used 110009K [0x0000000083600000, 0x0000000100000000)
  region size 1024K, 2 young (2048K), 1 survivors (1024K)
 Metaspace       used 12209K, committed 12352K, reserved 1064960K
  class space    used 1333K, committed 1408K, reserved 1048576K
}
Event: 76.700 GC heap after
{Heap after GC invocations=27 (full 0):
 garbage-first heap   total 245760K, used 54716K [0x0000000083600000, 0x0000000100000000)
  region size 1024K, 1 young (1024K), 1 survivors (1024K)
 Metaspace       used 12209K, committed 12352K, reserved 1064960K
  class space    used 1333K, committed 1408K, reserved 1048576K
}

