# JRE version: Java(TM) SE Runtime Environment (17.0.1+12) (build 17.0.1+12-LTS-39)
# Java VM: Java HotSpot(TM) 64-Bit Server VM (17.0.1+12-LTS-39, mixed mode, sharing, tiered, compressed oops, compressed class ptrs, g1 gc, windows-amd64)
GC Precious Log:
 CPUs: 8 total, 8 available
 Memory: 7971M
 Large Page Support: Disabled
 NUMA Support: Disabled
 Compressed Oops: Enabled (32-bit)
 Heap Region Size: 1M
 Heap Min Capacity: 8M
 Heap Initial Capacity: 126M
 Heap Max Capacity: 1994M
 Pre-touch: Disabled
 Parallel Workers: 8
 Concurrent Workers: 2
 Concurrent Refinement Workers: 8
 Periodic GC: Disabled
Heap:
 garbage-first heap   total 129024K, used 39107K [0x0000000083600000, 0x0000000100000000)
  region size 1024K, 4 young (4096K), 1 survivors (1024K)
 Metaspace       used 11950K, committed 12160K, reserved 1064960K
  class space    used 1349K, committed 1472K, reserved 1048576K
GC Heap History (8 events):
Event: 7.005 GC heap before
{Heap before GC invocations=0 (full 0):
 garbage-first heap   total 129024K, used 71680K [0x0000000083600000, 0x0000000100000000)
  region size 1024K, 15 young (15360K), 0 survivors (0K)
 Metaspace       used 11724K, committed 11904K, reserved 1064960K
  class space    used 1331K, committed 1408K, reserved 1048576K
}
Event: 7.010 GC heap after
{Heap after GC invocations=1 (full 0):
 garbage-first heap   total 129024K, used 62613K [0x0000000083600000, 0x0000000100000000)
  region size 1024K, 3 young (3072K), 3 survivors (3072K)
 Metaspace       used 11724K, committed 11904K, reserved 1064960K
  class space    used 1331K, committed 1408K, reserved 1048576K
}
Event: 7.087 GC heap before
{Heap before GC invocations=2 (full 0):
 garbage-first heap   total 129024K, used 63637K [0x0000000083600000, 0x0000000100000000)
  region size 1024K, 4 young (4096K), 3 survivors (3072K)
 Metaspace       used 11728K, committed 11904K, reserved 1064960K
  class space    used 1331K, committed 1408K, reserved 1048576K
}
Event: 7.090 GC heap after
{Heap after GC invocations=3 (full 0):
 garbage-first heap   total 129024K, used 12592K [0x0000000083600000, 0x0000000100000000)
  region size 1024K, 1 young (1024K), 1 survivors (1024K)
 Metaspace       used 11728K, committed 11904K, reserved 1064960K
  class space    used 1331K, committed 1408K, reserved 1048576K
}
Event: 10.162 GC heap before
{Heap before GC invocations=3 (full 0):
 garbage-first heap   total 129024K, used 57648K [0x0000000083600000, 0x0000000100000000)
  region size 1024K, 2 young (2048K), 1 survivors (1024K)
 Metaspace       used 11739K, committed 11904K, reserved 1064960K
  class space    used 1331K, committed 1408K, reserved 1048576K
}
Event: 10.163 GC heap after
{Heap after GC invocations=4 (full 0):
 garbage-first heap   total 129024K, used 57617K [0x0000000083600000, 0x0000000100000000)
  region size 1024K, 1 young (1024K), 1 survivors (1024K)
 Metaspace       used 11739K, committed 11904K, reserved 1064960K
  class space    used 1331K, committed 1408K, reserved 1048576K
}
Event: 10.385 GC heap before
{Heap before GC invocations=5 (full 0):
 garbage-first heap   total 129024K, used 57617K [0x0000000083600000, 0x0000000100000000)
  region size 1024K, 2 young (2048K), 1 survivors (1024K)
 Metaspace       used 11739K, committed 11904K, reserved 1064960K
  class space    used 1331K, committed 1408K, reserved 1048576K
}
Event: 10.387 GC heap after
{Heap after GC invocations=6 (full 0):
 garbage-first heap   total 129024K, used 13507K [0x0000000083600000, 0x0000000100000000)
  region size 1024K, 1 young (1024K), 1 survivors (1024K)
 Metaspace       used 11739K, committed 11904K, reserved 1064960K
  class space    used 1331K, committed 1408K, reserved 1048576K
}

